human@AllDev:~/work/SkillUnion/nonorg-ui$ ./deploy-factory-rinkeby.sh 
~/work/SkillUnion/tcr ~/work/SkillUnion/nonorg-ui

> sol-tcr@0.0.1 deploy-rinkeby /home/human/work/SkillUnion/tcr
> truffle migrate --network rinkeby --reset

Using network 'rinkeby'.

Running migration: 1_initial_migration.js
  Replacing Migrations...
  ... 0xb64b1d4f65214e7b8d8b426082b99a3155b07391a2547bd0edeb7ce8db850694
  Migrations: 0x2d21c3ebf3c712edda6b4e6bbeae53c9d0e81559
Saving successful migration to network...
  ... 0x290ba9f55f867ac54c5c70c408e75381124d8a4b5261520aa952359a182ecd7e
Saving artifacts...
Running migration: 2_libs.js
  Replacing DLL...
  ... 0xcb141feeed385d1440384ab44360ada40a2deb00af978532c906b6d1f74aaac5
  DLL: 0xba7a92f30f307bd02650b5b1aa845b2a72adb9b1
  Replacing AttributeStore...
  ... 0xc268f8aa46c327a318e718adefaeb2d6aea9b94b6c86f30864ab791c0929b217
  AttributeStore: 0xc30288af24d1d8db9c962926b5384c7333310469
Saving successful migration to network...
  ... 0x5c819b80ad713696381d6ec31e934987675ae5851b6f1fe02f0a3a8b37961c67
Saving artifacts...
Running migration: 3_optional_plcr_factory.js
  Linking DLL to PLCRFactory
  Linking AttributeStore to PLCRFactory
  Replacing PLCRFactory...
  ... 0x346f8b49c7c636a5612f65b0555f669e0738396d3d1698645920a8b3b014d397
  PLCRFactory: 0x08c35951bc0b4fdddeff6a15f6d16e998e9acb5f
Saving successful migration to network...
  ... 0x62c2a522bcb2e90b94d2589825d5a4ba1ed2bb352e6c7b0a807ec062abbb42b0
Saving artifacts...
Running migration: 4_parameterizer_factory.js
  Replacing ParameterizerFactory...
  ... 0xe4cbe3697f53fd3d3d3b2d2154278e91bb2912bc9bde80bac9560a4f65393af5
  ParameterizerFactory: 0x835cabd328af9b41e7fe882c1859289ca7c54d7b
Saving successful migration to network...
  ... 0x2643fdb2f8c17cc78b1f18ad423be4b89400d5fee289e01c1a7249de7286deae
Saving artifacts...
Running migration: 5_registry_factory.js
  Replacing RegistryFactory...
  ... 0x827bf789f47024c4ab185a8b0c3240b8adb48128ed675bb8f73f0df4d02a3ccf
  RegistryFactory: 0xcadbaef815819385e79d6f739ce6796563373e15
Saving successful migration to network...
  ... 0x89025cffc9d294c6a84624ad5d0f33dbd62778962117124827f7c581fe7013de
Saving artifacts...
~/work/SkillUnion/nonorg-ui
